<?xml version="1.0" encoding="UTF-8"?>
<!-- Generated by org.testng.reporters.JUnitReportReporter -->
<testsuite skipped="0" hostname="SriGuhan" name="UserApi.TC4_putuser" tests="1" failures="0" timestamp="2022-05-19T16:01:23 EDT" time="1.220" errors="0">
  <testcase name="putuser" time="1.220" classname="UserApi.TC4_putuser"/>
  <system-out/>
</testsuite> <!-- UserApi.TC4_putuser -->
