<?xml version="1.0" encoding="UTF-8"?>
<!-- Generated by org.testng.reporters.JUnitReportReporter -->
<testsuite skipped="0" hostname="SriGuhan" name="JobsApi.TC3_put_jobs" tests="1" failures="0" timestamp="2022-05-20T13:04:50 EDT" time="0.109" errors="0">
  <testcase name="putjob" time="0.109" classname="JobsApi.TC3_put_jobs"/>
  <system-out/>
</testsuite> <!-- JobsApi.TC3_put_jobs -->
