<?xml version="1.0" encoding="UTF-8"?>
<!-- Generated by org.testng.reporters.JUnitReportReporter -->
<testsuite skipped="0" hostname="SriGuhan" name="JobsApi.TC4_getonedata" tests="1" failures="0" timestamp="2022-05-06T15:43:49 EDT" time="10.585" errors="0">
  <testcase name="getsingledata" time="10.585" classname="JobsApi.TC4_getonedata"/>
  <system-out/>
</testsuite> <!-- JobsApi.TC4_getonedata -->
