<?xml version="1.0" encoding="UTF-8"?>
<!-- Generated by org.testng.reporters.JUnitReportReporter -->
<testsuite skipped="0" hostname="SriGuhan" name="JobsApi.TC1_post_jobs" tests="1" failures="0" timestamp="2022-05-04T22:06:47 EDT" time="1.259" errors="0">
  <testcase name="postjob" time="1.259" classname="JobsApi.TC1_post_jobs"/>
  <system-out/>
</testsuite> <!-- JobsApi.TC1_post_jobs -->
