<?xml version="1.0" encoding="UTF-8"?>
<!-- Generated by org.testng.reporters.JUnitReportReporter -->
<testsuite skipped="0" hostname="SriGuhan" name="UserApi.TC1_Getallusers" tests="5" failures="0" timestamp="2022-05-19T16:01:03 EDT" time="0.410" errors="0">
  <testcase name="checkcontentType" time="0.026" classname="UserApi.TC1_Getallusers"/>
  <system-out/>
  <testcase name="checkresponsetime" time="0.004" classname="UserApi.TC1_Getallusers"/>
  <system-out/>
  <testcase name="checkresponsebody" time="0.039" classname="UserApi.TC1_Getallusers"/>
  <system-out/>
  <testcase name="jasonschemausers" time="0.338" classname="UserApi.TC1_Getallusers"/>
  <system-out/>
  <testcase name="checkstatuscode" time="0.003" classname="UserApi.TC1_Getallusers"/>
  <system-out/>
</testsuite> <!-- UserApi.TC1_Getallusers -->
