<?xml version="1.0" encoding="UTF-8"?>
<!-- Generated by org.testng.reporters.JUnitReportReporter -->
<testsuite skipped="0" hostname="SriGuhan" name="JobsApi.TC1_Get_jobs" tests="7" failures="0" timestamp="2022-05-20T13:04:50 EDT" time="0.460" errors="0">
  <testcase name="jasonschema" time="0.409" classname="JobsApi.TC1_Get_jobs"/>
  <system-out/>
  <testcase name="checkresponsetime" time="0.002" classname="JobsApi.TC1_Get_jobs"/>
  <system-out/>
  <testcase name="checkcontentType" time="0.030" classname="JobsApi.TC1_Get_jobs"/>
  <system-out/>
  <testcase name="checkresponsebody" time="0.016" classname="JobsApi.TC1_Get_jobs"/>
  <system-out/>
  <testcase name="checkstatuscode" time="0.001" classname="JobsApi.TC1_Get_jobs"/>
  <system-out/>
  <testcase name="checkstatusline" time="0.001" classname="JobsApi.TC1_Get_jobs"/>
  <system-out/>
  <testcase name="checkserverType" time="0.001" classname="JobsApi.TC1_Get_jobs"/>
  <system-out/>
</testsuite> <!-- JobsApi.TC1_Get_jobs -->
