<?xml version="1.0" encoding="UTF-8"?>
<!-- Generated by org.testng.reporters.JUnitReportReporter -->
<testsuite skipped="0" hostname="SriGuhan" name="JobsApi.TC5_Datadriventesting" tests="12" failures="0" timestamp="2022-05-20T13:04:50 EDT" time="1.390" errors="0">
  <testcase name="postnewjob" time="0.110" classname="JobsApi.TC5_Datadriventesting"/>
  <system-out/>
  <testcase name="postnewjob" time="0.107" classname="JobsApi.TC5_Datadriventesting"/>
  <system-out/>
  <testcase name="postnewjob" time="0.115" classname="JobsApi.TC5_Datadriventesting"/>
  <system-out/>
  <testcase name="postnewjob" time="0.144" classname="JobsApi.TC5_Datadriventesting"/>
  <system-out/>
  <testcase name="postnewjob" time="0.113" classname="JobsApi.TC5_Datadriventesting"/>
  <system-out/>
  <testcase name="postnewjob" time="0.123" classname="JobsApi.TC5_Datadriventesting"/>
  <system-out/>
  <testcase name="postnewjob" time="0.107" classname="JobsApi.TC5_Datadriventesting"/>
  <system-out/>
  <testcase name="postnewjob" time="0.126" classname="JobsApi.TC5_Datadriventesting"/>
  <system-out/>
  <testcase name="postnewjob" time="0.111" classname="JobsApi.TC5_Datadriventesting"/>
  <system-out/>
  <testcase name="postnewjob" time="0.112" classname="JobsApi.TC5_Datadriventesting"/>
  <system-out/>
  <testcase name="postnewjob" time="0.103" classname="JobsApi.TC5_Datadriventesting"/>
  <system-out/>
  <testcase name="postnewjob" time="0.119" classname="JobsApi.TC5_Datadriventesting"/>
  <system-out/>
</testsuite> <!-- JobsApi.TC5_Datadriventesting -->
