<?xml version="1.0" encoding="UTF-8"?>
<!-- Generated by org.testng.reporters.JUnitReportReporter -->
<testsuite skipped="0" hostname="SriGuhan" name="UserApi.TC2_GetSingleUser" tests="5" failures="0" timestamp="2022-05-19T16:01:15 EDT" time="0.356" errors="0">
  <testcase name="checkresponsetime" time="0.003" classname="UserApi.TC2_GetSingleUser"/>
  <system-out/>
  <testcase name="checkresponsebody" time="0.011" classname="UserApi.TC2_GetSingleUser"/>
  <system-out/>
  <testcase name="jasonschemausers" time="0.308" classname="UserApi.TC2_GetSingleUser"/>
  <system-out/>
  <testcase name="checkstatuscode" time="0.002" classname="UserApi.TC2_GetSingleUser"/>
  <system-out/>
  <testcase name="checkcontentType" time="0.032" classname="UserApi.TC2_GetSingleUser"/>
  <system-out/>
</testsuite> <!-- UserApi.TC2_GetSingleUser -->
